2021-05-14 12:28:26,738 [main] [INFO ] grakn.core.server.GraknServer - Grakn Core Server is now running and will keep this process alive.
2021-05-14 12:28:26,742 [main] [INFO ] grakn.core.server.GraknServer - You can press CTRL+C to shutdown this server.
2021-05-14 12:28:26,743 [main] [INFO ] grakn.core.server.GraknServer - 
2021-05-14 12:28:26,743 [main] [INFO ] grakn.core.server.GraknServer - - version: 2.0.2
2021-05-14 12:28:26,743 [main] [INFO ] grakn.core.server.GraknServer - - listening to port: 1729
2021-05-14 12:28:26,743 [main] [INFO ] grakn.core.server.GraknServer - - data directory configured to: C:\Users\ntmkn\Downloads\grakn-core-all-windows-2.0.2\server\data
2021-05-14 12:28:26,745 [main] [INFO ] grakn.core.server.GraknServer - - bootup completed in: 718 ms
2021-05-14 12:28:26,745 [main] [INFO ] grakn.core.server.GraknServer - ...
2021-05-17 10:16:24,843 [main] [INFO ] grakn.core.server.GraknServer - Grakn Core Server is now running and will keep this process alive.
2021-05-17 10:16:24,849 [main] [INFO ] grakn.core.server.GraknServer - You can press CTRL+C to shutdown this server.
2021-05-17 10:16:24,849 [main] [INFO ] grakn.core.server.GraknServer - 
2021-05-17 10:16:24,849 [main] [INFO ] grakn.core.server.GraknServer - - version: 2.0.2
2021-05-17 10:16:24,849 [main] [INFO ] grakn.core.server.GraknServer - - listening to port: 1729
2021-05-17 10:16:24,852 [main] [INFO ] grakn.core.server.GraknServer - - data directory configured to: C:\Users\ntmkn\Downloads\grakn-core-all-windows-2.0.2\server\data
2021-05-17 10:16:24,853 [main] [INFO ] grakn.core.server.GraknServer - - bootup completed in: 759 ms
2021-05-17 10:16:24,853 [main] [INFO ] grakn.core.server.GraknServer - ...
2021-05-17 10:19:15,605 [grakn-core-service::0] [ERROR] grakn.core.server.GraknService - [DBS01] Invalid Database Operations: The database with the name 'capstone' already exists.
grakn.core.common.exception.GraknException: [DBS01] Invalid Database Operations: The database with the name 'capstone' already exists.
	at grakn.core.common.exception.GraknException.of(GraknException.java:55)
	at grakn.core.server.GraknService.databasesCreate(GraknService.java:88)
	at grakn.protocol.GraknCoreGrpc$MethodHandlers.invoke(GraknCoreGrpc.java:809)
	at io.grpc.stub.ServerCalls$UnaryServerCallHandler$UnaryServerCallListener.onHalfClose(ServerCalls.java:182)
	at io.grpc.internal.ServerCallImpl$ServerStreamListenerImpl.halfClosed(ServerCallImpl.java:331)
	at io.grpc.internal.ServerImpl$JumpToApplicationThreadServerStreamListener$1HalfClosed.runInContext(ServerImpl.java:814)
	at io.grpc.internal.ContextRunnable.run(ContextRunnable.java:37)
	at io.grpc.internal.SerializingExecutor.run(SerializingExecutor.java:123)
	at java.base/java.util.concurrent.ThreadPoolExecutor.runWorker(ThreadPoolExecutor.java:1130)
	at java.base/java.util.concurrent.ThreadPoolExecutor$Worker.run(ThreadPoolExecutor.java:630)
	at java.base/java.lang.Thread.run(Thread.java:831)
2021-05-17 10:55:26,608 [main] [INFO ] grakn.core.server.GraknServer - Grakn Core Server is now running and will keep this process alive.
2021-05-17 10:55:26,608 [main] [INFO ] grakn.core.server.GraknServer - You can press CTRL+C to shutdown this server.
2021-05-17 10:55:26,608 [main] [INFO ] grakn.core.server.GraknServer - 
2021-05-17 10:55:26,608 [main] [INFO ] grakn.core.server.GraknServer - - version: 2.0.2
2021-05-17 10:55:26,608 [main] [INFO ] grakn.core.server.GraknServer - - listening to port: 1729
2021-05-17 10:55:26,608 [main] [INFO ] grakn.core.server.GraknServer - - data directory configured to: C:\Users\ntmkn\Downloads\grakn-core-all-windows-2.0.2\server\data
2021-05-17 10:55:26,616 [main] [INFO ] grakn.core.server.GraknServer - - bootup completed in: 894 ms
2021-05-17 10:55:26,616 [main] [INFO ] grakn.core.server.GraknServer - ...
2021-05-17 10:55:33,408 [grakn-core-service::0] [ERROR] grakn.core.server.GraknService - [DBS02] Invalid Database Operations: The database with the name 'product' does not exist.
grakn.core.common.exception.GraknException: [DBS02] Invalid Database Operations: The database with the name 'product' does not exist.
	at grakn.core.common.exception.GraknException.of(GraknException.java:55)
	at grakn.core.rocks.RocksGrakn.session(RocksGrakn.java:127)
	at grakn.core.rocks.RocksGrakn.session(RocksGrakn.java:44)
	at grakn.core.server.GraknService.sessionOpen(GraknService.java:156)
	at grakn.protocol.GraknCoreGrpc$MethodHandlers.invoke(GraknCoreGrpc.java:825)
	at io.grpc.stub.ServerCalls$UnaryServerCallHandler$UnaryServerCallListener.onHalfClose(ServerCalls.java:182)
	at io.grpc.internal.ServerCallImpl$ServerStreamListenerImpl.halfClosed(ServerCallImpl.java:331)
	at io.grpc.internal.ServerImpl$JumpToApplicationThreadServerStreamListener$1HalfClosed.runInContext(ServerImpl.java:814)
	at io.grpc.internal.ContextRunnable.run(ContextRunnable.java:37)
	at io.grpc.internal.SerializingExecutor.run(SerializingExecutor.java:123)
	at java.base/java.util.concurrent.ThreadPoolExecutor.runWorker(ThreadPoolExecutor.java:1130)
	at java.base/java.util.concurrent.ThreadPoolExecutor$Worker.run(ThreadPoolExecutor.java:630)
	at java.base/java.lang.Thread.run(Thread.java:831)
2021-05-17 10:57:54,767 [grakn-core-service::0] [ERROR] grakn.core.server.GraknService - [DBS02] Invalid Database Operations: The database with the name 'product' does not exist.
grakn.core.common.exception.GraknException: [DBS02] Invalid Database Operations: The database with the name 'product' does not exist.
	at grakn.core.common.exception.GraknException.of(GraknException.java:55)
	at grakn.core.rocks.RocksGrakn.session(RocksGrakn.java:127)
	at grakn.core.rocks.RocksGrakn.session(RocksGrakn.java:44)
	at grakn.core.server.GraknService.sessionOpen(GraknService.java:156)
	at grakn.protocol.GraknCoreGrpc$MethodHandlers.invoke(GraknCoreGrpc.java:825)
	at io.grpc.stub.ServerCalls$UnaryServerCallHandler$UnaryServerCallListener.onHalfClose(ServerCalls.java:182)
	at io.grpc.internal.ServerCallImpl$ServerStreamListenerImpl.halfClosed(ServerCallImpl.java:331)
	at io.grpc.internal.ServerImpl$JumpToApplicationThreadServerStreamListener$1HalfClosed.runInContext(ServerImpl.java:814)
	at io.grpc.internal.ContextRunnable.run(ContextRunnable.java:37)
	at io.grpc.internal.SerializingExecutor.run(SerializingExecutor.java:123)
	at java.base/java.util.concurrent.ThreadPoolExecutor.runWorker(ThreadPoolExecutor.java:1130)
	at java.base/java.util.concurrent.ThreadPoolExecutor$Worker.run(ThreadPoolExecutor.java:630)
	at java.base/java.lang.Thread.run(Thread.java:831)
2021-05-17 10:58:50,103 [grakn-core-service::0] [ERROR] grakn.core.server.TransactionService - [GQL03] Graql Error: There is a syntax error at line 1:
insert $product, define Product_RMIT "Product A82M", has Product_RMIT "Product A82M", has Segment "S-M", has AT_Site "VNAT", has Division "D-C", has Package_Tech "FCBGA", has Chip_Attach "Legacy-T", has Tester_Platform "New-H", has cycle "Apr_21", has Phase "MapDay", has WW 202747, has comment ""
               ^
no viable alternative at input '$product,'
[GQL03] Graql Error: There is a syntax error at line 1:
insert $product, define Product_RMIT "Product A82M", has Product_RMIT "Product A82M", has Segment "S-M", has AT_Site "VNAT", has Division "D-C", has Package_Tech "FCBGA", has Chip_Attach "Legacy-T", has Tester_Platform "New-H", has cycle "Apr_21", has Phase "MapDay", has WW 202747, has comment ""
       ^
mismatched input '$product' expecting {'match', 'define', 'undefine', 'insert', 'compute'}
graql.lang.common.exception.GraqlException: [GQL03] Graql Error: There is a syntax error at line 1:
insert $product, define Product_RMIT "Product A82M", has Product_RMIT "Product A82M", has Segment "S-M", has AT_Site "VNAT", has Division "D-C", has Package_Tech "FCBGA", has Chip_Attach "Legacy-T", has Tester_Platform "New-H", has cycle "Apr_21", has Phase "MapDay", has WW 202747, has comment ""
               ^
no viable alternative at input '$product,'
[GQL03] Graql Error: There is a syntax error at line 1:
insert $product, define Product_RMIT "Product A82M", has Product_RMIT "Product A82M", has Segment "S-M", has AT_Site "VNAT", has Division "D-C", has Package_Tech "FCBGA", has Chip_Attach "Legacy-T", has Tester_Platform "New-H", has cycle "Apr_21", has Phase "MapDay", has WW 202747, has comment ""
       ^
mismatched input '$product' expecting {'match', 'define', 'undefine', 'insert', 'compute'}
	at graql.lang.common.exception.GraqlException.of(GraqlException.java:32)
	at graql.lang.parser.Parser.parse(Parser.java:139)
	at graql.lang.parser.Parser.parseQueryEOF(Parser.java:147)
	at graql.lang.Graql.parseQuery(Graql.java:63)
	at grakn.core.server.query.QueryService.insert(QueryService.java:156)
	at grakn.core.server.query.QueryService.execute(QueryService.java:96)
	at grakn.core.server.TransactionService.executeRequest(TransactionService.java:159)
	at grakn.core.server.TransactionService.execute(TransactionService.java:135)
	at grakn.core.server.TransactionService.onNext(TransactionService.java:115)
	at grakn.core.server.TransactionService.onNext(TransactionService.java:74)
	at io.grpc.stub.ServerCalls$StreamingServerCallHandler$StreamingServerCallListener.onMessage(ServerCalls.java:255)
	at io.grpc.internal.ServerCallImpl$ServerStreamListenerImpl.messagesAvailableInternal(ServerCallImpl.java:309)
	at io.grpc.internal.ServerCallImpl$ServerStreamListenerImpl.messagesAvailable(ServerCallImpl.java:292)
	at io.grpc.internal.ServerImpl$JumpToApplicationThreadServerStreamListener$1MessagesAvailable.runInContext(ServerImpl.java:782)
	at io.grpc.internal.ContextRunnable.run(ContextRunnable.java:37)
	at io.grpc.internal.SerializingExecutor.run(SerializingExecutor.java:123)
	at java.base/java.util.concurrent.ThreadPoolExecutor.runWorker(ThreadPoolExecutor.java:1130)
	at java.base/java.util.concurrent.ThreadPoolExecutor$Worker.run(ThreadPoolExecutor.java:630)
	at java.base/java.lang.Thread.run(Thread.java:831)
2021-05-17 11:02:53,661 [main] [INFO ] grakn.core.server.GraknServer - Grakn Core Server is now running and will keep this process alive.
2021-05-17 11:02:53,661 [main] [INFO ] grakn.core.server.GraknServer - You can press CTRL+C to shutdown this server.
2021-05-17 11:02:53,661 [main] [INFO ] grakn.core.server.GraknServer - 
2021-05-17 11:02:53,661 [main] [INFO ] grakn.core.server.GraknServer - - version: 2.0.2
2021-05-17 11:02:53,667 [main] [INFO ] grakn.core.server.GraknServer - - listening to port: 1729
2021-05-17 11:02:53,667 [main] [INFO ] grakn.core.server.GraknServer - - data directory configured to: C:\Users\ntmkn\Downloads\grakn-core-all-windows-2.0.2\server\data
2021-05-17 11:02:53,667 [main] [INFO ] grakn.core.server.GraknServer - - bootup completed in: 809 ms
2021-05-17 11:02:53,667 [main] [INFO ] grakn.core.server.GraknServer - ...
2021-05-17 11:03:00,028 [grakn-core-service::0] [ERROR] grakn.core.server.TransactionService - [GQL03] Graql Error: There is a syntax error at line 1:
insert $product, define Product_RMIT "Product A82M", has Product_RMIT "Product A82M", has Segment "S-M", has AT_Site "VNAT", has Division "D-C", has Package_Tech "FCBGA", has Chip_Attach "Legacy-T", has Tester_Platform "New-H", has cycle "Apr_21", has Phase "MapDay", has WW 202747", has comment "";
               ^
no viable alternative at input '$product,'
[GQL03] Graql Error: There is a syntax error at line 1:
insert $product, define Product_RMIT "Product A82M", has Product_RMIT "Product A82M", has Segment "S-M", has AT_Site "VNAT", has Division "D-C", has Package_Tech "FCBGA", has Chip_Attach "Legacy-T", has Tester_Platform "New-H", has cycle "Apr_21", has Phase "MapDay", has WW 202747", has comment "";
       ^
mismatched input '$product' expecting {'match', 'define', 'undefine', 'insert', 'compute'}
graql.lang.common.exception.GraqlException: [GQL03] Graql Error: There is a syntax error at line 1:
insert $product, define Product_RMIT "Product A82M", has Product_RMIT "Product A82M", has Segment "S-M", has AT_Site "VNAT", has Division "D-C", has Package_Tech "FCBGA", has Chip_Attach "Legacy-T", has Tester_Platform "New-H", has cycle "Apr_21", has Phase "MapDay", has WW 202747", has comment "";
               ^
no viable alternative at input '$product,'
[GQL03] Graql Error: There is a syntax error at line 1:
insert $product, define Product_RMIT "Product A82M", has Product_RMIT "Product A82M", has Segment "S-M", has AT_Site "VNAT", has Division "D-C", has Package_Tech "FCBGA", has Chip_Attach "Legacy-T", has Tester_Platform "New-H", has cycle "Apr_21", has Phase "MapDay", has WW 202747", has comment "";
       ^
mismatched input '$product' expecting {'match', 'define', 'undefine', 'insert', 'compute'}
	at graql.lang.common.exception.GraqlException.of(GraqlException.java:32)
	at graql.lang.parser.Parser.parse(Parser.java:139)
	at graql.lang.parser.Parser.parseQueryEOF(Parser.java:147)
	at graql.lang.Graql.parseQuery(Graql.java:63)
	at grakn.core.server.query.QueryService.insert(QueryService.java:156)
	at grakn.core.server.query.QueryService.execute(QueryService.java:96)
	at grakn.core.server.TransactionService.executeRequest(TransactionService.java:159)
	at grakn.core.server.TransactionService.execute(TransactionService.java:135)
	at grakn.core.server.TransactionService.onNext(TransactionService.java:115)
	at grakn.core.server.TransactionService.onNext(TransactionService.java:74)
	at io.grpc.stub.ServerCalls$StreamingServerCallHandler$StreamingServerCallListener.onMessage(ServerCalls.java:255)
	at io.grpc.internal.ServerCallImpl$ServerStreamListenerImpl.messagesAvailableInternal(ServerCallImpl.java:309)
	at io.grpc.internal.ServerCallImpl$ServerStreamListenerImpl.messagesAvailable(ServerCallImpl.java:292)
	at io.grpc.internal.ServerImpl$JumpToApplicationThreadServerStreamListener$1MessagesAvailable.runInContext(ServerImpl.java:782)
	at io.grpc.internal.ContextRunnable.run(ContextRunnable.java:37)
	at io.grpc.internal.SerializingExecutor.run(SerializingExecutor.java:123)
	at java.base/java.util.concurrent.ThreadPoolExecutor.runWorker(ThreadPoolExecutor.java:1130)
	at java.base/java.util.concurrent.ThreadPoolExecutor$Worker.run(ThreadPoolExecutor.java:630)
	at java.base/java.lang.Thread.run(Thread.java:831)
2021-05-22 10:25:09,528 [main] [INFO ] grakn.core.server.GraknServer - Grakn Core Server is now running and will keep this process alive.
2021-05-22 10:25:09,532 [main] [INFO ] grakn.core.server.GraknServer - You can press CTRL+C to shutdown this server.
2021-05-22 10:25:09,532 [main] [INFO ] grakn.core.server.GraknServer - 
2021-05-22 10:25:09,532 [main] [INFO ] grakn.core.server.GraknServer - - version: 2.0.2
2021-05-22 10:25:09,532 [main] [INFO ] grakn.core.server.GraknServer - - listening to port: 1729
2021-05-22 10:25:09,532 [main] [INFO ] grakn.core.server.GraknServer - - data directory configured to: C:\Users\ntmkn\Desktop\Capstone\capstone\grakn\server\data
2021-05-22 10:25:09,532 [main] [INFO ] grakn.core.server.GraknServer - - bootup completed in: 1112 ms
2021-05-22 10:25:09,536 [main] [INFO ] grakn.core.server.GraknServer - ...
2021-05-22 15:18:18,264 [main] [INFO ] grakn.core.server.GraknServer - Grakn Core Server is now running and will keep this process alive.
2021-05-22 15:18:18,266 [main] [INFO ] grakn.core.server.GraknServer - You can press CTRL+C to shutdown this server.
2021-05-22 15:18:18,267 [main] [INFO ] grakn.core.server.GraknServer - 
2021-05-22 15:18:18,267 [main] [INFO ] grakn.core.server.GraknServer - - version: 2.0.2
2021-05-22 15:18:18,267 [main] [INFO ] grakn.core.server.GraknServer - - listening to port: 1729
2021-05-22 15:18:18,268 [main] [INFO ] grakn.core.server.GraknServer - - data directory configured to: C:\Users\ntmkn\Desktop\Capstone\grakn\server\data
2021-05-22 15:18:18,268 [main] [INFO ] grakn.core.server.GraknServer - - bootup completed in: 860 ms
2021-05-22 15:18:18,269 [main] [INFO ] grakn.core.server.GraknServer - ...
2021-05-22 15:18:31,202 [grakn-core-service::0] [ERROR] grakn.core.server.TransactionService - [TYR03] Invalid Type Read: The type 'mapping_value' does not exist.
grakn.core.common.exception.GraknException: [TYR03] Invalid Type Read: The type 'mapping_value' does not exist.
	at grakn.core.common.exception.GraknException.of(GraknException.java:55)
	at grakn.core.logic.tool.TypeResolver.lambda$resolveVariableLabels$4(TypeResolver.java:114)
	at java.base/java.util.Iterator.forEachRemaining(Iterator.java:133)
	at grakn.core.logic.tool.TypeResolver.resolveVariableLabels(TypeResolver.java:105)
	at grakn.core.logic.tool.TypeResolver.resolveVariables(TypeResolver.java:140)
	at grakn.core.logic.tool.TypeResolver.resolve(TypeResolver.java:129)
	at grakn.core.logic.tool.TypeResolver.lambda$resolve$5(TypeResolver.java:125)
	at java.base/java.util.ArrayList.forEach(ArrayList.java:1511)
	at grakn.core.logic.tool.TypeResolver.resolve(TypeResolver.java:125)
	at grakn.core.logic.tool.TypeResolver.resolve(TypeResolver.java:121)
	at grakn.core.reasoner.Reasoner.execute(Reasoner.java:111)
	at grakn.core.query.Matcher.execute(Matcher.java:125)
	at grakn.core.query.Matcher.execute(Matcher.java:121)
	at grakn.core.query.QueryManager.match(QueryManager.java:72)
	at grakn.core.server.query.QueryService.match(QueryService.java:131)
	at grakn.core.server.query.QueryService.execute(QueryService.java:84)
	at grakn.core.server.TransactionService.executeRequest(TransactionService.java:159)
	at grakn.core.server.TransactionService.execute(TransactionService.java:135)
	at grakn.core.server.TransactionService.onNext(TransactionService.java:115)
	at grakn.core.server.TransactionService.onNext(TransactionService.java:74)
	at io.grpc.stub.ServerCalls$StreamingServerCallHandler$StreamingServerCallListener.onMessage(ServerCalls.java:255)
	at io.grpc.internal.ServerCallImpl$ServerStreamListenerImpl.messagesAvailableInternal(ServerCallImpl.java:309)
	at io.grpc.internal.ServerCallImpl$ServerStreamListenerImpl.messagesAvailable(ServerCallImpl.java:292)
	at io.grpc.internal.ServerImpl$JumpToApplicationThreadServerStreamListener$1MessagesAvailable.runInContext(ServerImpl.java:782)
	at io.grpc.internal.ContextRunnable.run(ContextRunnable.java:37)
	at io.grpc.internal.SerializingExecutor.run(SerializingExecutor.java:123)
	at java.base/java.util.concurrent.ThreadPoolExecutor.runWorker(ThreadPoolExecutor.java:1130)
	at java.base/java.util.concurrent.ThreadPoolExecutor$Worker.run(ThreadPoolExecutor.java:630)
	at java.base/java.lang.Thread.run(Thread.java:831)
2021-05-22 15:22:59,669 [main] [INFO ] grakn.core.server.GraknServer - Grakn Core Server is now running and will keep this process alive.
2021-05-22 15:22:59,672 [main] [INFO ] grakn.core.server.GraknServer - You can press CTRL+C to shutdown this server.
2021-05-22 15:22:59,672 [main] [INFO ] grakn.core.server.GraknServer - 
2021-05-22 15:22:59,672 [main] [INFO ] grakn.core.server.GraknServer - - version: 2.0.2
2021-05-22 15:22:59,673 [main] [INFO ] grakn.core.server.GraknServer - - listening to port: 1729
2021-05-22 15:22:59,673 [main] [INFO ] grakn.core.server.GraknServer - - data directory configured to: C:\Users\ntmkn\Desktop\Capstone\grakn\server\data
2021-05-22 15:22:59,674 [main] [INFO ] grakn.core.server.GraknServer - - bootup completed in: 882 ms
2021-05-22 15:22:59,675 [main] [INFO ] grakn.core.server.GraknServer - ...
2021-05-22 15:24:02,223 [grakn-core-service::0] [ERROR] grakn.core.server.TransactionService - [TYR03] Invalid Type Read: The type 'mapping_value' does not exist.
grakn.core.common.exception.GraknException: [TYR03] Invalid Type Read: The type 'mapping_value' does not exist.
	at grakn.core.common.exception.GraknException.of(GraknException.java:55)
	at grakn.core.logic.tool.TypeResolver.lambda$resolveVariableLabels$4(TypeResolver.java:114)
	at java.base/java.util.Iterator.forEachRemaining(Iterator.java:133)
	at grakn.core.logic.tool.TypeResolver.resolveVariableLabels(TypeResolver.java:105)
	at grakn.core.logic.tool.TypeResolver.resolveVariables(TypeResolver.java:140)
	at grakn.core.logic.tool.TypeResolver.resolve(TypeResolver.java:129)
	at grakn.core.logic.tool.TypeResolver.lambda$resolve$5(TypeResolver.java:125)
	at java.base/java.util.ArrayList.forEach(ArrayList.java:1511)
	at grakn.core.logic.tool.TypeResolver.resolve(TypeResolver.java:125)
	at grakn.core.logic.tool.TypeResolver.resolve(TypeResolver.java:121)
	at grakn.core.reasoner.Reasoner.execute(Reasoner.java:111)
	at grakn.core.query.Matcher.execute(Matcher.java:125)
	at grakn.core.query.Matcher.execute(Matcher.java:121)
	at grakn.core.query.QueryManager.match(QueryManager.java:72)
	at grakn.core.server.query.QueryService.match(QueryService.java:131)
	at grakn.core.server.query.QueryService.execute(QueryService.java:84)
	at grakn.core.server.TransactionService.executeRequest(TransactionService.java:159)
	at grakn.core.server.TransactionService.execute(TransactionService.java:135)
	at grakn.core.server.TransactionService.onNext(TransactionService.java:115)
	at grakn.core.server.TransactionService.onNext(TransactionService.java:74)
	at io.grpc.stub.ServerCalls$StreamingServerCallHandler$StreamingServerCallListener.onMessage(ServerCalls.java:255)
	at io.grpc.internal.ServerCallImpl$ServerStreamListenerImpl.messagesAvailableInternal(ServerCallImpl.java:309)
	at io.grpc.internal.ServerCallImpl$ServerStreamListenerImpl.messagesAvailable(ServerCallImpl.java:292)
	at io.grpc.internal.ServerImpl$JumpToApplicationThreadServerStreamListener$1MessagesAvailable.runInContext(ServerImpl.java:782)
	at io.grpc.internal.ContextRunnable.run(ContextRunnable.java:37)
	at io.grpc.internal.SerializingExecutor.run(SerializingExecutor.java:123)
	at java.base/java.util.concurrent.ThreadPoolExecutor.runWorker(ThreadPoolExecutor.java:1130)
	at java.base/java.util.concurrent.ThreadPoolExecutor$Worker.run(ThreadPoolExecutor.java:630)
	at java.base/java.lang.Thread.run(Thread.java:831)
2021-05-22 15:29:12,830 [GraknServer::shutdown::0] [INFO ] grakn.core.server.GraknServer - 
2021-05-22 15:29:12,830 [GraknServer::shutdown::0] [INFO ] grakn.core.server.GraknServer - Shutting down Grakn Core Server...
2021-05-22 15:29:12,943 [GraknServer::shutdown::0] [INFO ] grakn.core.server.GraknServer - Grakn Core Server has been shutdown
2021-05-22 15:29:20,192 [main] [INFO ] grakn.core.server.GraknServer - Grakn Core Server is now running and will keep this process alive.
2021-05-22 15:29:20,194 [main] [INFO ] grakn.core.server.GraknServer - You can press CTRL+C to shutdown this server.
2021-05-22 15:29:20,194 [main] [INFO ] grakn.core.server.GraknServer - 
2021-05-22 15:29:20,195 [main] [INFO ] grakn.core.server.GraknServer - - version: 2.0.2
2021-05-22 15:29:20,195 [main] [INFO ] grakn.core.server.GraknServer - - listening to port: 1729
2021-05-22 15:29:20,195 [main] [INFO ] grakn.core.server.GraknServer - - data directory configured to: C:\Users\ntmkn\Desktop\Capstone\grakn\server\data
2021-05-22 15:29:20,196 [main] [INFO ] grakn.core.server.GraknServer - - bootup completed in: 851 ms
2021-05-22 15:29:20,196 [main] [INFO ] grakn.core.server.GraknServer - ...
2021-05-22 16:19:36,434 [main] [INFO ] grakn.core.server.GraknServer - Grakn Core Server is now running and will keep this process alive.
2021-05-22 16:19:36,438 [main] [INFO ] grakn.core.server.GraknServer - You can press CTRL+C to shutdown this server.
2021-05-22 16:19:36,438 [main] [INFO ] grakn.core.server.GraknServer - 
2021-05-22 16:19:36,438 [main] [INFO ] grakn.core.server.GraknServer - - version: 2.0.2
2021-05-22 16:19:36,439 [main] [INFO ] grakn.core.server.GraknServer - - listening to port: 1729
2021-05-22 16:19:36,439 [main] [INFO ] grakn.core.server.GraknServer - - data directory configured to: C:\Users\ntmkn\Desktop\Capstone\grakn\server\data
2021-05-22 16:19:36,439 [main] [INFO ] grakn.core.server.GraknServer - - bootup completed in: 944 ms
2021-05-22 16:19:36,440 [main] [INFO ] grakn.core.server.GraknServer - ...
2021-05-22 18:00:00,415 [main] [INFO ] grakn.core.server.GraknServer - Grakn Core Server is now running and will keep this process alive.
2021-05-22 18:00:00,418 [main] [INFO ] grakn.core.server.GraknServer - You can press CTRL+C to shutdown this server.
2021-05-22 18:00:00,418 [main] [INFO ] grakn.core.server.GraknServer - 
2021-05-22 18:00:00,419 [main] [INFO ] grakn.core.server.GraknServer - - version: 2.0.2
2021-05-22 18:00:00,419 [main] [INFO ] grakn.core.server.GraknServer - - listening to port: 1729
2021-05-22 18:00:00,421 [main] [INFO ] grakn.core.server.GraknServer - - data directory configured to: C:\Users\ntmkn\Desktop\Final\Capstone\grakn\server\data
2021-05-22 18:00:00,422 [main] [INFO ] grakn.core.server.GraknServer - - bootup completed in: 1044 ms
2021-05-22 18:00:00,423 [main] [INFO ] grakn.core.server.GraknServer - ...
2021-05-26 15:18:36,777 [main] [ERROR] grakn.core.server.GraknServer - org.rocksdb.RocksDBException: CURRENT file corrupted
